<?xml version="1.0" encoding="UTF-8"?>
<!-- Generated by org.testng.reporters.JUnitXMLReporter -->
<testsuite hostname="NHUTBM" name="Default test" tests="4" failures="0" timestamp="27 Feb 2019 04:19:37 GMT" time="65.512" errors="0">
  <testcase name="Testcase01" time="13.909" classname="Excercise01.ButtonRadiobuttonCheckboxCombobox"/>
  <testcase name="Testcase02" time="10.941" classname="Excercise01.ButtonRadiobuttonCheckboxCombobox"/>
  <testcase name="Testcase03" time="10.668" classname="Excercise01.ButtonRadiobuttonCheckboxCombobox"/>
  <testcase name="Testcase04" time="26.312" classname="Excercise01.ButtonRadiobuttonCheckboxCombobox"/>
</testsuite> <!-- Default test -->
