<?xml version="1.0" encoding="UTF-8"?>
<testng-results skipped="0" failed="0" total="1" passed="1">
  <reporter-output>
  </reporter-output>
  <suite name="Default suite" duration-ms="9143" started-at="2019-02-26T09:18:10Z" finished-at="2019-02-26T09:18:19Z">
    <groups>
    </groups>
    <test name="Default test" duration-ms="9143" started-at="2019-02-26T09:18:10Z" finished-at="2019-02-26T09:18:19Z">
      <class name="Excercise02.isEnabled_isDisplayed_isSelected_Combobox">
        <test-method status="PASS" signature="beforeClass()[pri:0, instance:Excercise02.isEnabled_isDisplayed_isSelected_Combobox@4de8b406]" name="beforeClass" is-config="true" duration-ms="2637" started-at="2019-02-26T16:18:10Z" finished-at="2019-02-26T16:18:12Z">
          <reporter-output>
          </reporter-output>
        </test-method> <!-- beforeClass -->
        <test-method status="PASS" signature="Testcase03()[pri:0, instance:Excercise02.isEnabled_isDisplayed_isSelected_Combobox@4de8b406]" name="Testcase03" duration-ms="6490" started-at="2019-02-26T16:18:12Z" finished-at="2019-02-26T16:18:19Z">
          <reporter-output>
          </reporter-output>
        </test-method> <!-- Testcase03 -->
        <test-method status="PASS" signature="afterClass()[pri:0, instance:Excercise02.isEnabled_isDisplayed_isSelected_Combobox@4de8b406]" name="afterClass" is-config="true" duration-ms="0" started-at="2019-02-26T16:18:19Z" finished-at="2019-02-26T16:18:19Z">
          <reporter-output>
          </reporter-output>
        </test-method> <!-- afterClass -->
      </class> <!-- Excercise02.isEnabled_isDisplayed_isSelected_Combobox -->
    </test> <!-- Default test -->
  </suite> <!-- Default suite -->
</testng-results>
